# JRE version: Java(TM) SE Runtime Environment (8.0_66-b17) (build 1.8.0_66-b17)
# Java VM: Java HotSpot(TM) Client VM (25.66-b17 mixed mode windows-x86 )
Heap:
 def new generation   total 39424K, used 19060K [0x03400000, 0x05ec0000, 0x0dea0000)
  eden space 35072K,  41% used [0x03400000, 0x0425d2e8, 0x05640000)
  from space 4352K, 100% used [0x05a80000, 0x05ec0000, 0x05ec0000)
  to   space 4352K,   0% used [0x05640000, 0x05640000, 0x05a80000)
 tenured generation   total 87424K, used 13095K [0x0dea0000, 0x13400000, 0x23400000)
   the space 87424K,  14% used [0x0dea0000, 0x0eb69cc8, 0x0eb69e00, 0x13400000)
 Metaspace       used 16052K, capacity 16472K, committed 16512K, reserved 16768K
GC Heap History (6 events):
Event: 2.719 GC heap before
{Heap before GC invocations=0 (full 0):
 def new generation   total 39296K, used 34944K [0x03400000, 0x05ea0000, 0x0dea0000)
  eden space 34944K, 100% used [0x03400000, 0x05620000, 0x05620000)
  from space 4352K,   0% used [0x05620000, 0x05620000, 0x05a60000)
  to   space 4352K,   0% used [0x05a60000, 0x05a60000, 0x05ea0000)
 tenured generation   total 87424K, used 0K [0x0dea0000, 0x13400000, 0x23400000)
   the space 87424K,   0% used [0x0dea0000, 0x0dea0000, 0x0dea0200, 0x13400000)
 Metaspace       used 8904K, capacity 9108K, committed 9216K, reserved 9600K
Event: 2.750 GC heap after
Heap after GC invocations=1 (full 0):
 def new generation   total 39296K, used 4352K [0x03400000, 0x05ea0000, 0x0dea0000)
  eden space 34944K,   0% used [0x03400000, 0x03400000, 0x05620000)
  from space 4352K, 100% used [0x05a60000, 0x05ea0000, 0x05ea0000)
  to   space 4352K,   0% used [0x05620000, 0x05620000, 0x05a60000)
 tenured generation   total 87424K, used 2460K [0x0dea0000, 0x13400000, 0x23400000)
   the space 87424K,   2% used [0x0dea0000, 0x0e1070a8, 0x0e107200, 0x13400000)
 Metaspace       used 8904K, capacity 9108K, committed 9216K, reserved 9600K
}
Event: 6.874 GC heap before
{Heap before GC invocations=1 (full 0):
 def new generation   total 39296K, used 38038K [0x03400000, 0x05ea0000, 0x0dea0000)
  eden space 34944K,  96% used [0x03400000, 0x054e5828, 0x05620000)
  from space 4352K, 100% used [0x05a60000, 0x05ea0000, 0x05ea0000)
  to   space 4352K,   0% used [0x05620000, 0x05620000, 0x05a60000)
 tenured generation   total 87424K, used 2460K [0x0dea0000, 0x13400000, 0x23400000)
   the space 87424K,   2% used [0x0dea0000, 0x0e1070a8, 0x0e107200, 0x13400000)
 Metaspace       used 11913K, capacity 12243K, committed 12288K, reserved 12672K
Event: 6.957 GC heap after
Heap after GC invocations=2 (full 1):
 def new generation   total 39424K, used 0K [0x03400000, 0x05ec0000, 0x0dea0000)
  eden space 35072K,   0% used [0x03400000, 0x03400000, 0x05640000)
  from space 4352K,   0% used [0x05640000, 0x05640000, 0x05a80000)
  to   space 4352K,   0% used [0x05a80000, 0x05a80000, 0x05ec0000)
 tenured generation   total 87424K, used 12035K [0x0dea0000, 0x13400000, 0x23400000)
   the space 87424K,  13% used [0x0dea0000, 0x0ea60f50, 0x0ea61000, 0x13400000)
 Metaspace       used 11913K, capacity 12243K, committed 12288K, reserved 12672K
}
Event: 71.984 GC heap before
{Heap before GC invocations=2 (full 1):
 def new generation   total 39424K, used 35072K [0x03400000, 0x05ec0000, 0x0dea0000)
  eden space 35072K, 100% used [0x03400000, 0x05640000, 0x05640000)
  from space 4352K,   0% used [0x05640000, 0x05640000, 0x05a80000)
  to   space 4352K,   0% used [0x05a80000, 0x05a80000, 0x05ec0000)
 tenured generation   total 87424K, used 12035K [0x0dea0000, 0x13400000, 0x23400000)
   the space 87424K,  13% used [0x0dea0000, 0x0ea60f50, 0x0ea61000, 0x13400000)
 Metaspace       used 15500K, capacity 15900K, committed 16000K, reserved 16768K
Event: 72.006 GC heap after
Heap after GC invocations=3 (full 1):
 def new generation   total 39424K, used 4352K [0x03400000, 0x05ec0000, 0x0dea0000)
  eden space 35072K,   0% used [0x03400000, 0x03400000, 0x05640000)
  from space 4352K, 100% used [0x05a80000, 0x05ec0000, 0x05ec0000)
  to   space 4352K,   0% used [0x05640000, 0x05640000, 0x05a80000)
 tenured generation   total 87424K, used 13095K [0x0dea0000, 0x13400000, 0x23400000)
   the space 87424K,  14% used [0x0dea0000, 0x0eb69cc8, 0x0eb69e00, 0x13400000)
 Metaspace       used 15500K, capacity 15900K, committed 16000K, reserved 16768K
}

